11 1234567890123456789012345678901234567890123456789012345678901234567890123456789012345678901234567
12 1234567890123456789012345678901234567890123456789012345678901234567890123456789012345678901234567
13 1234567890123456789012345678901234567890123456789012345678901234567890123456789012345678901234567
14 1234567890123456789012345678901234567890123456789012345678901234567890123456789012345678901234567
15 1234567890123456789012345678901234567890123456789012345678901234567890123456789012345678901234567
16 1234567890123456789012345678901234567890123456789012345678901234567890123456789012345678901234567
17 1234567890123456789012345678901234567890123456789012345678901234567890123456789012345678901234567
21 1234567890123456789012345678901234567890123456789012345678901234567890123456789012345678901234567
22 1234567890123456789012345678901234567890123456789012345678901234567890123456789012345678901234567
23 1234567890123456789012345678901234567890123456789012345678901234567890123456789012345678901234567
24 1234567890123456789012345678901234567890123456789012345678901234567890123456789012345678901234567
25 1234567890123456789012345678901234567890123456789012345678901234567890123456789012345678901234567
26 1234567890123456789012345678901234567890123456789012345678901234567890123456789012345678901234567
27 1234567890123456789012345678901234567890123456789012345678901234567890123456789012345678901234567
31 1234567890123456789012345678901234567890123456789012345678901234567890123456789012345678901234567
32 1234567890123456789012345678901234567890123456789012345678901234567890123456789012345678901234567
33 1234567890123456789012345678901234567890123456789012345678901234567890123456789012345678901234567
34 1234567890123456789012345678901234567890123456789012345678901234567890123456789012345678901234567
35 1234567890123456789012345678901234567890123456789012345678901234567890123456789012345678901234567
36 1234567890123456789012345678901234567890123456789012345678901234567890123456789012345678901234567
37 1234567890123456789012345678901234567890123456789012345678901234567890123456789012345678901234567
8 12345678901234567890123456789012345678901234567890123456789012345678901234567890123456789012345678
9 12345678901234567890123456789012345678901234567890123456789012345678901234567890123456789012345678
0 12345678901234567890123456789012345678901234567890123456789012345678901234567890123456789012345678